{"/home/usuario/prct06-generics-solid-alu0101647111/src/index.ts": {"path":"/home/usuario/prct06-generics-solid-alu0101647111/src/index.ts","statementMap":{"0":{"start":{"line":11,"column":2},"end":{"line":11,"column":null}},"1":{"start":{"line":25,"column":2},"end":{"line":25,"column":null}},"2":{"start":{"line":38,"column":2},"end":{"line":40,"column":null}},"3":{"start":{"line":39,"column":4},"end":{"line":39,"column":null}},"4":{"start":{"line":41,"column":2},"end":{"line":41,"column":null}}},"fnMap":{"0":{"name":"add","decl":{"start":{"line":10,"column":16},"end":{"line":10,"column":20}},"loc":{"start":{"line":10,"column":71},"end":{"line":12,"column":null}},"line":10},"1":{"name":"sub","decl":{"start":{"line":24,"column":16},"end":{"line":24,"column":20}},"loc":{"start":{"line":24,"column":71},"end":{"line":26,"column":null}},"line":24},"2":{"name":"div","decl":{"start":{"line":37,"column":16},"end":{"line":37,"column":20}},"loc":{"start":{"line":37,"column":71},"end":{"line":42,"column":null}},"line":37}},"branchMap":{"0":{"loc":{"start":{"line":38,"column":2},"end":{"line":40,"column":null}},"type":"if","locations":[{"start":{"line":38,"column":2},"end":{"line":40,"column":null}},{"start":{},"end":{}}],"line":38}},"s":{"0":2,"1":3,"2":3,"3":1,"4":2},"f":{"0":2,"1":3,"2":3},"b":{"0":[1,2]},"meta":{"lastBranch":1,"lastFunction":3,"lastStatement":5,"seen":{"f:10:16:10:20":0,"s:11:2:11:Infinity":0,"f:24:16:24:20":1,"s:25:2:25:Infinity":1,"f:37:16:37:20":2,"b:38:2:40:Infinity:undefined:undefined:undefined:undefined":0,"s:38:2:40:Infinity":2,"s:39:4:39:Infinity":3,"s:41:2:41:Infinity":4}}}
,"/home/usuario/prct06-generics-solid-alu0101647111/src/ejercicio-1/basiccollection.ts": {"path":"/home/usuario/prct06-generics-solid-alu0101647111/src/ejercicio-1/basiccollection.ts","statementMap":{"0":{"start":{"line":20,"column":26},"end":{"line":20,"column":null}},"1":{"start":{"line":27,"column":4},"end":{"line":27,"column":null}},"2":{"start":{"line":35,"column":4},"end":{"line":35,"column":null}},"3":{"start":{"line":35,"column":42},"end":{"line":35,"column":53}},"4":{"start":{"line":43,"column":4},"end":{"line":43,"column":null}},"5":{"start":{"line":52,"column":4},"end":{"line":54,"column":null}},"6":{"start":{"line":53,"column":6},"end":{"line":53,"column":null}}},"fnMap":{"0":{"name":"(anonymous_0)","decl":{"start":{"line":26,"column":2},"end":{"line":26,"column":6}},"loc":{"start":{"line":26,"column":21},"end":{"line":28,"column":null}},"line":26},"1":{"name":"(anonymous_1)","decl":{"start":{"line":34,"column":2},"end":{"line":34,"column":9}},"loc":{"start":{"line":34,"column":27},"end":{"line":36,"column":null}},"line":34},"2":{"name":"(anonymous_2)","decl":{"start":{"line":35,"column":37},"end":{"line":35,"column":42}},"loc":{"start":{"line":35,"column":42},"end":{"line":35,"column":53}},"line":35},"3":{"name":"(anonymous_3)","decl":{"start":{"line":42,"column":2},"end":{"line":42,"column":16}},"loc":{"start":{"line":42,"column":16},"end":{"line":44,"column":null}},"line":42},"4":{"name":"(anonymous_4)","decl":{"start":{"line":51,"column":2},"end":{"line":51,"column":13}},"loc":{"start":{"line":51,"column":32},"end":{"line":55,"column":null}},"line":51},"5":{"name":"(anonymous_5)","decl":{"start":{"line":52,"column":30},"end":{"line":52,"column":null}},"loc":{"start":{"line":53,"column":6},"end":{"line":53,"column":null}},"line":53}},"branchMap":{},"s":{"0":7,"1":10,"2":1,"3":1,"4":2,"5":1,"6":1},"f":{"0":10,"1":1,"2":1,"3":2,"4":1,"5":1},"b":{},"meta":{"lastBranch":0,"lastFunction":6,"lastStatement":7,"seen":{"s:20:26:20:Infinity":0,"f:26:2:26:6":0,"s:27:4:27:Infinity":1,"f:34:2:34:9":1,"s:35:4:35:Infinity":2,"f:35:37:35:42":2,"s:35:42:35:53":3,"f:42:2:42:16":3,"s:43:4:43:Infinity":4,"f:51:2:51:13":4,"s:52:4:54:Infinity":5,"f:52:30:52:Infinity":5,"s:53:6:53:Infinity":6}}}
,"/home/usuario/prct06-generics-solid-alu0101647111/src/ejercicio-1/collections.ts": {"path":"/home/usuario/prct06-generics-solid-alu0101647111/src/ejercicio-1/collections.ts","statementMap":{"0":{"start":{"line":20,"column":4},"end":{"line":20,"column":null}},"1":{"start":{"line":20,"column":35},"end":{"line":20,"column":56}},"2":{"start":{"line":29,"column":4},"end":{"line":29,"column":null}},"3":{"start":{"line":29,"column":35},"end":{"line":29,"column":50}},"4":{"start":{"line":38,"column":4},"end":{"line":38,"column":null}},"5":{"start":{"line":38,"column":35},"end":{"line":38,"column":58}},"6":{"start":{"line":55,"column":4},"end":{"line":55,"column":null}},"7":{"start":{"line":55,"column":35},"end":{"line":55,"column":56}},"8":{"start":{"line":64,"column":4},"end":{"line":64,"column":null}},"9":{"start":{"line":64,"column":35},"end":{"line":64,"column":60}},"10":{"start":{"line":73,"column":4},"end":{"line":73,"column":null}},"11":{"start":{"line":73,"column":35},"end":{"line":73,"column":55}},"12":{"start":{"line":89,"column":4},"end":{"line":89,"column":null}},"13":{"start":{"line":89,"column":35},"end":{"line":89,"column":57}},"14":{"start":{"line":94,"column":4},"end":{"line":94,"column":null}},"15":{"start":{"line":94,"column":35},"end":{"line":94,"column":58}}},"fnMap":{"0":{"name":"(anonymous_0)","decl":{"start":{"line":19,"column":2},"end":{"line":19,"column":20}},"loc":{"start":{"line":19,"column":81},"end":{"line":21,"column":null}},"line":19},"1":{"name":"(anonymous_1)","decl":{"start":{"line":20,"column":30},"end":{"line":20,"column":35}},"loc":{"start":{"line":20,"column":35},"end":{"line":20,"column":56}},"line":20},"2":{"name":"(anonymous_2)","decl":{"start":{"line":28,"column":2},"end":{"line":28,"column":21}},"loc":{"start":{"line":28,"column":43},"end":{"line":30,"column":null}},"line":28},"3":{"name":"(anonymous_3)","decl":{"start":{"line":29,"column":30},"end":{"line":29,"column":35}},"loc":{"start":{"line":29,"column":35},"end":{"line":29,"column":50}},"line":29},"4":{"name":"(anonymous_4)","decl":{"start":{"line":37,"column":2},"end":{"line":37,"column":13}},"loc":{"start":{"line":37,"column":35},"end":{"line":39,"column":null}},"line":37},"5":{"name":"(anonymous_5)","decl":{"start":{"line":38,"column":30},"end":{"line":38,"column":35}},"loc":{"start":{"line":38,"column":35},"end":{"line":38,"column":58}},"line":38},"6":{"name":"(anonymous_6)","decl":{"start":{"line":54,"column":2},"end":{"line":54,"column":20}},"loc":{"start":{"line":54,"column":85},"end":{"line":56,"column":null}},"line":54},"7":{"name":"(anonymous_7)","decl":{"start":{"line":55,"column":30},"end":{"line":55,"column":35}},"loc":{"start":{"line":55,"column":35},"end":{"line":55,"column":56}},"line":55},"8":{"name":"(anonymous_8)","decl":{"start":{"line":63,"column":2},"end":{"line":63,"column":21}},"loc":{"start":{"line":63,"column":49},"end":{"line":65,"column":null}},"line":63},"9":{"name":"(anonymous_9)","decl":{"start":{"line":64,"column":30},"end":{"line":64,"column":35}},"loc":{"start":{"line":64,"column":35},"end":{"line":64,"column":60}},"line":64},"10":{"name":"(anonymous_10)","decl":{"start":{"line":72,"column":2},"end":{"line":72,"column":13}},"loc":{"start":{"line":72,"column":39},"end":{"line":74,"column":null}},"line":72},"11":{"name":"(anonymous_11)","decl":{"start":{"line":73,"column":30},"end":{"line":73,"column":35}},"loc":{"start":{"line":73,"column":35},"end":{"line":73,"column":55}},"line":73},"12":{"name":"(anonymous_12)","decl":{"start":{"line":88,"column":2},"end":{"line":88,"column":21}},"loc":{"start":{"line":88,"column":48},"end":{"line":90,"column":null}},"line":88},"13":{"name":"(anonymous_13)","decl":{"start":{"line":89,"column":30},"end":{"line":89,"column":35}},"loc":{"start":{"line":89,"column":35},"end":{"line":89,"column":57}},"line":89},"14":{"name":"(anonymous_14)","decl":{"start":{"line":93,"column":2},"end":{"line":93,"column":13}},"loc":{"start":{"line":93,"column":39},"end":{"line":95,"column":null}},"line":93},"15":{"name":"(anonymous_15)","decl":{"start":{"line":94,"column":30},"end":{"line":94,"column":35}},"loc":{"start":{"line":94,"column":35},"end":{"line":94,"column":58}},"line":94}},"branchMap":{},"s":{"0":1,"1":3,"2":1,"3":3,"4":0,"5":0,"6":0,"7":0,"8":1,"9":1,"10":0,"11":0,"12":1,"13":1,"14":0,"15":0},"f":{"0":1,"1":3,"2":1,"3":3,"4":0,"5":0,"6":0,"7":0,"8":1,"9":1,"10":0,"11":0,"12":1,"13":1,"14":0,"15":0},"b":{},"meta":{"lastBranch":0,"lastFunction":16,"lastStatement":16,"seen":{"f:19:2:19:20":0,"s:20:4:20:Infinity":0,"f:20:30:20:35":1,"s:20:35:20:56":1,"f:28:2:28:21":2,"s:29:4:29:Infinity":2,"f:29:30:29:35":3,"s:29:35:29:50":3,"f:37:2:37:13":4,"s:38:4:38:Infinity":4,"f:38:30:38:35":5,"s:38:35:38:58":5,"f:54:2:54:20":6,"s:55:4:55:Infinity":6,"f:55:30:55:35":7,"s:55:35:55:56":7,"f:63:2:63:21":8,"s:64:4:64:Infinity":8,"f:64:30:64:35":9,"s:64:35:64:60":9,"f:72:2:72:13":10,"s:73:4:73:Infinity":10,"f:73:30:73:35":11,"s:73:35:73:55":11,"f:88:2:88:21":12,"s:89:4:89:Infinity":12,"f:89:30:89:35":13,"s:89:35:89:57":13,"f:93:2:93:13":14,"s:94:4:94:Infinity":14,"f:94:30:94:35":15,"s:94:35:94:58":15}}}
,"/home/usuario/prct06-generics-solid-alu0101647111/src/ejercicio-1/galacticregistry.ts": {"path":"/home/usuario/prct06-generics-solid-alu0101647111/src/ejercicio-1/galacticregistry.ts","statementMap":{},"fnMap":{},"branchMap":{},"s":{},"f":{},"b":{},"meta":{"lastBranch":0,"lastFunction":0,"lastStatement":0,"seen":{}}}
,"/home/usuario/prct06-generics-solid-alu0101647111/src/ejercicio-3/area.ts": {"path":"/home/usuario/prct06-generics-solid-alu0101647111/src/ejercicio-3/area.ts","statementMap":{"0":{"start":{"line":14,"column":4},"end":{"line":14,"column":null}}},"fnMap":{"0":{"name":"(anonymous_0)","decl":{"start":{"line":13,"column":9},"end":{"line":13,"column":14}},"loc":{"start":{"line":13,"column":37},"end":{"line":15,"column":null}},"line":13}},"branchMap":{},"s":{"0":3},"f":{"0":3},"b":{},"meta":{"lastBranch":0,"lastFunction":1,"lastStatement":1,"seen":{"f:13:9:13:14":0,"s:14:4:14:Infinity":0}}}
,"/home/usuario/prct06-generics-solid-alu0101647111/src/ejercicio-3/circle.ts": {"path":"/home/usuario/prct06-generics-solid-alu0101647111/src/ejercicio-3/circle.ts","statementMap":{"0":{"start":{"line":8,"column":22},"end":{"line":8,"column":37}},"1":{"start":{"line":15,"column":4},"end":{"line":15,"column":null}}},"fnMap":{"0":{"name":"(anonymous_0)","decl":{"start":{"line":8,"column":2},"end":{"line":8,"column":22}},"loc":{"start":{"line":8,"column":37},"end":{"line":8,"column":null}},"line":8},"1":{"name":"(anonymous_1)","decl":{"start":{"line":14,"column":9},"end":{"line":14,"column":27}},"loc":{"start":{"line":14,"column":27},"end":{"line":16,"column":null}},"line":14}},"branchMap":{},"s":{"0":2,"1":2},"f":{"0":2,"1":2},"b":{},"meta":{"lastBranch":0,"lastFunction":2,"lastStatement":2,"seen":{"f:8:2:8:22":0,"s:8:22:8:37":0,"f:14:9:14:27":1,"s:15:4:15:Infinity":1}}}
,"/home/usuario/prct06-generics-solid-alu0101647111/src/ejercicio-3/rectangle.ts": {"path":"/home/usuario/prct06-generics-solid-alu0101647111/src/ejercicio-3/rectangle.ts","statementMap":{"0":{"start":{"line":8,"column":22},"end":{"line":8,"column":45}},"1":{"start":{"line":8,"column":45},"end":{"line":8,"column":61}},"2":{"start":{"line":15,"column":4},"end":{"line":15,"column":null}}},"fnMap":{"0":{"name":"(anonymous_0)","decl":{"start":{"line":8,"column":2},"end":{"line":8,"column":22}},"loc":{"start":{"line":8,"column":61},"end":{"line":8,"column":null}},"line":8},"1":{"name":"(anonymous_1)","decl":{"start":{"line":14,"column":9},"end":{"line":14,"column":27}},"loc":{"start":{"line":14,"column":27},"end":{"line":16,"column":null}},"line":14}},"branchMap":{},"s":{"0":2,"1":2,"2":2},"f":{"0":2,"1":2},"b":{},"meta":{"lastBranch":0,"lastFunction":2,"lastStatement":3,"seen":{"f:8:2:8:22":0,"s:8:22:8:45":0,"s:8:45:8:61":1,"f:14:9:14:27":1,"s:15:4:15:Infinity":2}}}
,"/home/usuario/prct06-generics-solid-alu0101647111/src/ejercicio-3/shape.ts": {"path":"/home/usuario/prct06-generics-solid-alu0101647111/src/ejercicio-3/shape.ts","statementMap":{},"fnMap":{},"branchMap":{},"s":{},"f":{},"b":{},"meta":{"lastBranch":0,"lastFunction":0,"lastStatement":0,"seen":{}}}
,"/home/usuario/prct06-generics-solid-alu0101647111/src/ejercicio-3/triangle.ts": {"path":"/home/usuario/prct06-generics-solid-alu0101647111/src/ejercicio-3/triangle.ts","statementMap":{"0":{"start":{"line":8,"column":22},"end":{"line":8,"column":44}},"1":{"start":{"line":8,"column":44},"end":{"line":8,"column":60}},"2":{"start":{"line":15,"column":4},"end":{"line":15,"column":null}}},"fnMap":{"0":{"name":"(anonymous_0)","decl":{"start":{"line":8,"column":2},"end":{"line":8,"column":22}},"loc":{"start":{"line":8,"column":60},"end":{"line":8,"column":null}},"line":8},"1":{"name":"(anonymous_1)","decl":{"start":{"line":14,"column":9},"end":{"line":14,"column":27}},"loc":{"start":{"line":14,"column":27},"end":{"line":16,"column":null}},"line":14}},"branchMap":{},"s":{"0":2,"1":2,"2":2},"f":{"0":2,"1":2},"b":{},"meta":{"lastBranch":0,"lastFunction":2,"lastStatement":3,"seen":{"f:8:2:8:22":0,"s:8:22:8:44":0,"s:8:44:8:60":1,"f:14:9:14:27":1,"s:15:4:15:Infinity":2}}}
,"/home/usuario/prct06-generics-solid-alu0101647111/src/ejercicio-4/basicprinter.ts": {"path":"/home/usuario/prct06-generics-solid-alu0101647111/src/ejercicio-4/basicprinter.ts","statementMap":{"0":{"start":{"line":12,"column":4},"end":{"line":12,"column":null}}},"fnMap":{"0":{"name":"(anonymous_0)","decl":{"start":{"line":11,"column":2},"end":{"line":11,"column":8}},"loc":{"start":{"line":11,"column":27},"end":{"line":13,"column":null}},"line":11}},"branchMap":{},"s":{"0":1},"f":{"0":1},"b":{},"meta":{"lastBranch":0,"lastFunction":1,"lastStatement":1,"seen":{"f:11:2:11:8":0,"s:12:4:12:Infinity":0}}}
,"/home/usuario/prct06-generics-solid-alu0101647111/src/ejercicio-4/faxmachine.ts": {"path":"/home/usuario/prct06-generics-solid-alu0101647111/src/ejercicio-4/faxmachine.ts","statementMap":{"0":{"start":{"line":14,"column":2},"end":{"line":14,"column":null}}},"fnMap":{"0":{"name":"sendFax","decl":{"start":{"line":13,"column":16},"end":{"line":13,"column":24}},"loc":{"start":{"line":13,"column":52},"end":{"line":15,"column":null}},"line":13}},"branchMap":{},"s":{"0":1},"f":{"0":1},"b":{},"meta":{"lastBranch":0,"lastFunction":1,"lastStatement":1,"seen":{"f:13:16:13:24":0,"s:14:2:14:Infinity":0}}}
,"/home/usuario/prct06-generics-solid-alu0101647111/src/ejercicio-4/printer.ts": {"path":"/home/usuario/prct06-generics-solid-alu0101647111/src/ejercicio-4/printer.ts","statementMap":{},"fnMap":{},"branchMap":{},"s":{},"f":{},"b":{},"meta":{"lastBranch":0,"lastFunction":0,"lastStatement":0,"seen":{}}}
,"/home/usuario/prct06-generics-solid-alu0101647111/src/ejercicio-4/scanner.ts": {"path":"/home/usuario/prct06-generics-solid-alu0101647111/src/ejercicio-4/scanner.ts","statementMap":{},"fnMap":{},"branchMap":{},"s":{},"f":{},"b":{},"meta":{"lastBranch":0,"lastFunction":0,"lastStatement":0,"seen":{}}}
,"/home/usuario/prct06-generics-solid-alu0101647111/src/ejercicio-5/mysqlrepository.ts": {"path":"/home/usuario/prct06-generics-solid-alu0101647111/src/ejercicio-5/mysqlrepository.ts","statementMap":{"0":{"start":{"line":8,"column":4},"end":{"line":8,"column":null}},"1":{"start":{"line":9,"column":4},"end":{"line":9,"column":null}},"2":{"start":{"line":18,"column":4},"end":{"line":18,"column":null}}},"fnMap":{"0":{"name":"(anonymous_0)","decl":{"start":{"line":7,"column":2},"end":{"line":7,"column":11}},"loc":{"start":{"line":7,"column":23},"end":{"line":10,"column":null}},"line":7},"1":{"name":"(anonymous_1)","decl":{"start":{"line":17,"column":2},"end":{"line":17,"column":11}},"loc":{"start":{"line":17,"column":23},"end":{"line":19,"column":null}},"line":17}},"branchMap":{},"s":{"0":1,"1":1,"2":1},"f":{"0":1,"1":1},"b":{},"meta":{"lastBranch":0,"lastFunction":2,"lastStatement":3,"seen":{"f:7:2:7:11":0,"s:8:4:8:Infinity":0,"s:9:4:9:Infinity":1,"f:17:2:17:11":1,"s:18:4:18:Infinity":2}}}
,"/home/usuario/prct06-generics-solid-alu0101647111/src/ejercicio-5/userrespository.ts": {"path":"/home/usuario/prct06-generics-solid-alu0101647111/src/ejercicio-5/userrespository.ts","statementMap":{"0":{"start":{"line":17,"column":22},"end":{"line":17,"column":44}},"1":{"start":{"line":20,"column":17},"end":{"line":20,"column":null}},"2":{"start":{"line":21,"column":4},"end":{"line":21,"column":null}},"3":{"start":{"line":21,"column":15},"end":{"line":21,"column":null}},"4":{"start":{"line":22,"column":4},"end":{"line":22,"column":null}}},"fnMap":{"0":{"name":"(anonymous_0)","decl":{"start":{"line":17,"column":2},"end":{"line":17,"column":22}},"loc":{"start":{"line":17,"column":44},"end":{"line":17,"column":null}},"line":17},"1":{"name":"(anonymous_1)","decl":{"start":{"line":19,"column":2},"end":{"line":19,"column":14}},"loc":{"start":{"line":19,"column":34},"end":{"line":23,"column":null}},"line":19}},"branchMap":{"0":{"loc":{"start":{"line":21,"column":4},"end":{"line":21,"column":null}},"type":"if","locations":[{"start":{"line":21,"column":4},"end":{"line":21,"column":null}},{"start":{},"end":{}}],"line":21}},"s":{"0":3,"1":3,"2":3,"3":1,"4":2},"f":{"0":3,"1":3},"b":{"0":[1,2]},"meta":{"lastBranch":1,"lastFunction":2,"lastStatement":5,"seen":{"f:17:2:17:22":0,"s:17:22:17:44":0,"f:19:2:19:14":1,"s:20:17:20:Infinity":1,"b:21:4:21:Infinity:undefined:undefined:undefined:undefined":0,"s:21:4:21:Infinity":2,"s:21:15:21:Infinity":3,"s:22:4:22:Infinity":4}}}
}
