{"/home/usuario/prct06-generics-solid-alu0101647111/src/index.ts": {"path":"/home/usuario/prct06-generics-solid-alu0101647111/src/index.ts","statementMap":{"0":{"start":{"line":11,"column":2},"end":{"line":11,"column":null}},"1":{"start":{"line":25,"column":2},"end":{"line":25,"column":null}},"2":{"start":{"line":38,"column":2},"end":{"line":40,"column":null}},"3":{"start":{"line":39,"column":4},"end":{"line":39,"column":null}},"4":{"start":{"line":41,"column":2},"end":{"line":41,"column":null}}},"fnMap":{"0":{"name":"add","decl":{"start":{"line":10,"column":16},"end":{"line":10,"column":20}},"loc":{"start":{"line":10,"column":71},"end":{"line":12,"column":null}},"line":10},"1":{"name":"sub","decl":{"start":{"line":24,"column":16},"end":{"line":24,"column":20}},"loc":{"start":{"line":24,"column":71},"end":{"line":26,"column":null}},"line":24},"2":{"name":"div","decl":{"start":{"line":37,"column":16},"end":{"line":37,"column":20}},"loc":{"start":{"line":37,"column":71},"end":{"line":42,"column":null}},"line":37}},"branchMap":{"0":{"loc":{"start":{"line":38,"column":2},"end":{"line":40,"column":null}},"type":"if","locations":[{"start":{"line":38,"column":2},"end":{"line":40,"column":null}},{"start":{},"end":{}}],"line":38}},"s":{"0":2,"1":3,"2":3,"3":1,"4":2},"f":{"0":2,"1":3,"2":3},"b":{"0":[1,2]},"meta":{"lastBranch":1,"lastFunction":3,"lastStatement":5,"seen":{"f:10:16:10:20":0,"s:11:2:11:Infinity":0,"f:24:16:24:20":1,"s:25:2:25:Infinity":1,"f:37:16:37:20":2,"b:38:2:40:Infinity:undefined:undefined:undefined:undefined":0,"s:38:2:40:Infinity":2,"s:39:4:39:Infinity":3,"s:41:2:41:Infinity":4}}}
,"/home/usuario/prct06-generics-solid-alu0101647111/src/ejercicio-3/area.ts": {"path":"/home/usuario/prct06-generics-solid-alu0101647111/src/ejercicio-3/area.ts","statementMap":{"0":{"start":{"line":14,"column":4},"end":{"line":14,"column":null}}},"fnMap":{"0":{"name":"(anonymous_0)","decl":{"start":{"line":13,"column":9},"end":{"line":13,"column":14}},"loc":{"start":{"line":13,"column":37},"end":{"line":15,"column":null}},"line":13}},"branchMap":{},"s":{"0":3},"f":{"0":3},"b":{},"meta":{"lastBranch":0,"lastFunction":1,"lastStatement":1,"seen":{"f:13:9:13:14":0,"s:14:4:14:Infinity":0}}}
,"/home/usuario/prct06-generics-solid-alu0101647111/src/ejercicio-3/circle.ts": {"path":"/home/usuario/prct06-generics-solid-alu0101647111/src/ejercicio-3/circle.ts","statementMap":{"0":{"start":{"line":8,"column":22},"end":{"line":8,"column":37}},"1":{"start":{"line":15,"column":4},"end":{"line":15,"column":null}}},"fnMap":{"0":{"name":"(anonymous_0)","decl":{"start":{"line":8,"column":2},"end":{"line":8,"column":22}},"loc":{"start":{"line":8,"column":37},"end":{"line":8,"column":null}},"line":8},"1":{"name":"(anonymous_1)","decl":{"start":{"line":14,"column":9},"end":{"line":14,"column":27}},"loc":{"start":{"line":14,"column":27},"end":{"line":16,"column":null}},"line":14}},"branchMap":{},"s":{"0":2,"1":2},"f":{"0":2,"1":2},"b":{},"meta":{"lastBranch":0,"lastFunction":2,"lastStatement":2,"seen":{"f:8:2:8:22":0,"s:8:22:8:37":0,"f:14:9:14:27":1,"s:15:4:15:Infinity":1}}}
,"/home/usuario/prct06-generics-solid-alu0101647111/src/ejercicio-3/rectangle.ts": {"path":"/home/usuario/prct06-generics-solid-alu0101647111/src/ejercicio-3/rectangle.ts","statementMap":{"0":{"start":{"line":8,"column":22},"end":{"line":8,"column":45}},"1":{"start":{"line":8,"column":45},"end":{"line":8,"column":61}},"2":{"start":{"line":15,"column":4},"end":{"line":15,"column":null}}},"fnMap":{"0":{"name":"(anonymous_0)","decl":{"start":{"line":8,"column":2},"end":{"line":8,"column":22}},"loc":{"start":{"line":8,"column":61},"end":{"line":8,"column":null}},"line":8},"1":{"name":"(anonymous_1)","decl":{"start":{"line":14,"column":9},"end":{"line":14,"column":27}},"loc":{"start":{"line":14,"column":27},"end":{"line":16,"column":null}},"line":14}},"branchMap":{},"s":{"0":2,"1":2,"2":2},"f":{"0":2,"1":2},"b":{},"meta":{"lastBranch":0,"lastFunction":2,"lastStatement":3,"seen":{"f:8:2:8:22":0,"s:8:22:8:45":0,"s:8:45:8:61":1,"f:14:9:14:27":1,"s:15:4:15:Infinity":2}}}
,"/home/usuario/prct06-generics-solid-alu0101647111/src/ejercicio-3/shape.ts": {"path":"/home/usuario/prct06-generics-solid-alu0101647111/src/ejercicio-3/shape.ts","statementMap":{},"fnMap":{},"branchMap":{},"s":{},"f":{},"b":{},"meta":{"lastBranch":0,"lastFunction":0,"lastStatement":0,"seen":{}}}
,"/home/usuario/prct06-generics-solid-alu0101647111/src/ejercicio-3/triangle.ts": {"path":"/home/usuario/prct06-generics-solid-alu0101647111/src/ejercicio-3/triangle.ts","statementMap":{"0":{"start":{"line":8,"column":22},"end":{"line":8,"column":44}},"1":{"start":{"line":8,"column":44},"end":{"line":8,"column":60}},"2":{"start":{"line":15,"column":4},"end":{"line":15,"column":null}}},"fnMap":{"0":{"name":"(anonymous_0)","decl":{"start":{"line":8,"column":2},"end":{"line":8,"column":22}},"loc":{"start":{"line":8,"column":60},"end":{"line":8,"column":null}},"line":8},"1":{"name":"(anonymous_1)","decl":{"start":{"line":14,"column":9},"end":{"line":14,"column":27}},"loc":{"start":{"line":14,"column":27},"end":{"line":16,"column":null}},"line":14}},"branchMap":{},"s":{"0":2,"1":2,"2":2},"f":{"0":2,"1":2},"b":{},"meta":{"lastBranch":0,"lastFunction":2,"lastStatement":3,"seen":{"f:8:2:8:22":0,"s:8:22:8:44":0,"s:8:44:8:60":1,"f:14:9:14:27":1,"s:15:4:15:Infinity":2}}}
,"/home/usuario/prct06-generics-solid-alu0101647111/src/ejercicio-4/basicprinter.ts": {"path":"/home/usuario/prct06-generics-solid-alu0101647111/src/ejercicio-4/basicprinter.ts","statementMap":{"0":{"start":{"line":12,"column":4},"end":{"line":12,"column":null}}},"fnMap":{"0":{"name":"(anonymous_0)","decl":{"start":{"line":11,"column":2},"end":{"line":11,"column":8}},"loc":{"start":{"line":11,"column":27},"end":{"line":13,"column":null}},"line":11}},"branchMap":{},"s":{"0":1},"f":{"0":1},"b":{},"meta":{"lastBranch":0,"lastFunction":1,"lastStatement":1,"seen":{"f:11:2:11:8":0,"s:12:4:12:Infinity":0}}}
,"/home/usuario/prct06-generics-solid-alu0101647111/src/ejercicio-4/faxmachine.ts": {"path":"/home/usuario/prct06-generics-solid-alu0101647111/src/ejercicio-4/faxmachine.ts","statementMap":{"0":{"start":{"line":14,"column":2},"end":{"line":14,"column":null}}},"fnMap":{"0":{"name":"sendFax","decl":{"start":{"line":13,"column":16},"end":{"line":13,"column":24}},"loc":{"start":{"line":13,"column":52},"end":{"line":15,"column":null}},"line":13}},"branchMap":{},"s":{"0":1},"f":{"0":1},"b":{},"meta":{"lastBranch":0,"lastFunction":1,"lastStatement":1,"seen":{"f:13:16:13:24":0,"s:14:2:14:Infinity":0}}}
,"/home/usuario/prct06-generics-solid-alu0101647111/src/ejercicio-4/printer.ts": {"path":"/home/usuario/prct06-generics-solid-alu0101647111/src/ejercicio-4/printer.ts","statementMap":{},"fnMap":{},"branchMap":{},"s":{},"f":{},"b":{},"meta":{"lastBranch":0,"lastFunction":0,"lastStatement":0,"seen":{}}}
,"/home/usuario/prct06-generics-solid-alu0101647111/src/ejercicio-4/scanner.ts": {"path":"/home/usuario/prct06-generics-solid-alu0101647111/src/ejercicio-4/scanner.ts","statementMap":{},"fnMap":{},"branchMap":{},"s":{},"f":{},"b":{},"meta":{"lastBranch":0,"lastFunction":0,"lastStatement":0,"seen":{}}}
}
